<?xml version="1.0" encoding="UTF-8"?>
<!-- Generated by org.testng.reporters.JUnitReportReporter -->
<testsuite hostname="DESKTOP-HM27A8M" failures="0" tests="1" name="com.actitime.testscript.DemoAssertion1" time="20.609" errors="0" timestamp="2022-10-28T14:34:31 IST" skipped="0">
  <testcase classname="com.actitime.testscript.DemoAssertion1" name="verifyTitle" time="20.609"/>
  <system-out/>
</testsuite> <!-- com.actitime.testscript.DemoAssertion1 -->
