<?xml version="1.0" encoding="UTF-8"?>
<!-- Generated by org.testng.reporters.JUnitReportReporter -->
<testsuite hostname="DESKTOP-HM27A8M" failures="0" tests="5" name="com.actitime.testscript.CustomerModule1" time="0.056" errors="0" timestamp="2022-10-28T14:32:50 IST" skipped="0">
  <testcase classname="com.actitime.testscript.CustomerModule1" name="createCustomer" time="0.011"/>
  <system-out>
    <![CDATA[createCustomer]]>
  </system-out>
  <testcase classname="com.actitime.testscript.CustomerModule1" name="createCustomer" time="0.012"/>
  <system-out>
    <![CDATA[createCustomer]]>
  </system-out>
  <testcase classname="com.actitime.testscript.CustomerModule1" name="createCustomer" time="0.013"/>
  <system-out>
    <![CDATA[createCustomer]]>
  </system-out>
  <testcase classname="com.actitime.testscript.CustomerModule1" name="modifyCustomer" time="0.006"/>
  <system-out>
    <![CDATA[modifyCustomer]]>
  </system-out>
  <testcase classname="com.actitime.testscript.CustomerModule1" name="deleteCustomer" time="0.014"/>
  <system-out>
    <![CDATA[deleteCustomer]]>
  </system-out>
</testsuite> <!-- com.actitime.testscript.CustomerModule1 -->
