<?xml version="1.0" encoding="UTF-8"?>
<!-- Generated by org.testng.reporters.JUnitReportReporter -->
<testsuite hostname="DESKTOP-HM27A8M" failures="0" tests="1" name="com.actitime.testscript.TaskModule" time="0.013" errors="0" timestamp="2022-10-28T14:32:50 IST" skipped="0">
  <testcase classname="com.actitime.testscript.TaskModule" name="modifyCustomer" time="0.013"/>
  <system-out>
    <![CDATA[modifyCustomer]]>
  </system-out>
</testsuite> <!-- com.actitime.testscript.TaskModule -->
