<?xml version="1.0" encoding="UTF-8"?>
<!-- Generated by org.testng.reporters.JUnitReportReporter -->
<testsuite hostname="DESKTOP-HM27A8M" failures="0" tests="2" name="com.actitime.testscript.CustomerModule3" time="0.032" errors="0" timestamp="2022-10-28T15:56:01 IST" skipped="0">
  <testcase classname="com.actitime.testscript.CustomerModule3" name="modifyCustomer" time="0.016"/>
  <system-out>
    <![CDATA[modifyCustomer]]>
  </system-out>
  <testcase classname="com.actitime.testscript.CustomerModule3" name="createCustomer" time="0.016"/>
  <system-out>
    <![CDATA[createcustomer]]>
  </system-out>
</testsuite> <!-- com.actitime.testscript.CustomerModule3 -->
