<?xml version="1.0" encoding="UTF-8"?>
<!-- Generated by org.testng.reporters.JUnitReportReporter -->
<testsuite hostname="DESKTOP-HM27A8M" failures="0" tests="4" name="com.actitime.testscript.CustomerModule4" time="0.039" errors="0" timestamp="2022-10-28T16:12:23 IST" skipped="0">
  <testcase classname="com.actitime.testscript.CustomerModule4" name="regsterCustomer" time="0.010"/>
  <system-out>
    <![CDATA[registerCustomer]]>
  </system-out>
  <testcase classname="com.actitime.testscript.CustomerModule4" name="deleteCustomer" time="0.017"/>
  <system-out>
    <![CDATA[deleteCustomer]]>
  </system-out>
  <testcase classname="com.actitime.testscript.CustomerModule4" name="editCustomer" time="0.005"/>
  <system-out/>
  <testcase classname="com.actitime.testscript.CustomerModule4" name="editCustomer" time="0.007"/>
  <system-out/>
</testsuite> <!-- com.actitime.testscript.CustomerModule4 -->
