<?xml version="1.0" encoding="UTF-8"?>
<!-- Generated by org.testng.reporters.JUnitReportReporter -->
<testsuite hostname="DESKTOP-HM27A8M" failures="0" tests="1" name="com.actitime.testscript.Projectmodule" time="0.011" errors="0" timestamp="2022-10-28T14:32:50 IST" skipped="0">
  <testcase classname="com.actitime.testscript.Projectmodule" name="deleteCustomer" time="0.011"/>
  <system-out>
    <![CDATA[deleteCustomer]]>
  </system-out>
</testsuite> <!-- com.actitime.testscript.Projectmodule -->
