<?xml version="1.0" encoding="UTF-8"?>
<!-- Generated by org.testng.reporters.JUnitReportReporter -->
<testsuite hostname="DESKTOP-HM27A8M" failures="0" tests="1" name="com.actitime.generic.Login_actitime_usingPropertyFile" time="51.825" errors="0" timestamp="2023-10-05T16:22:34 IST" skipped="0">
  <testcase classname="com.actitime.generic.Login_actitime_usingPropertyFile" name="Run" time="51.825"/>
  <system-out/>
</testsuite> <!-- com.actitime.generic.Login_actitime_usingPropertyFile -->
