<?xml version="1.0" encoding="UTF-8"?>
<!-- Generated by org.testng.reporters.JUnitReportReporter -->
<testsuite hostname="DESKTOP-HM27A8M" failures="0" tests="1" name="testng.Demo" time="0.016" errors="0" timestamp="2023-10-05T16:20:27 IST" skipped="0">
  <testcase classname="testng.Demo" name="testDemo" time="0.016"/>
  <system-out>
    <![CDATA[welcome to testng]]>
  </system-out>
</testsuite> <!-- testng.Demo -->
